Build started 6/10/2012 8:54:23 PM.
     1>Project "C:\Users\rooster\Desktop\Symphony Engine\Symphony-Engine\Engine.vcxproj" on node 2 (build target(s)).
     1>C:\Program Files (x86)\MSBuild\Microsoft.Cpp\v4.0\Microsoft.CppBuild.targets(298,5): warning MSB8004: Intermediate Directory does not end with a trailing slash.  This build instance will add the slash as it is required to allow proper evaluation of the Intermediate Directory.
     1>C:\Program Files (x86)\MSBuild\Microsoft.Cpp\v4.0\Microsoft.CppBuild.targets(299,5): warning MSB8004: Output Directory does not end with a trailing slash.  This build instance will add the slash as it is required to allow proper evaluation of the Output Directory.
     1>InitializeBuildStatus:
         Touching "C:\Users\rooster\Desktop\Symphony Engine\Symphony-Engine\\bin\Debug\Intermediate\Engine.unsuccessfulbuild".
       ClCompile:
         C:\Program Files (x86)\Microsoft Visual Studio 10.0\VC\bin\CL.exe /c /ZI /nologo /W3 /WX- /Od /Oy- /D WIN32 /D _DEBUG /D _WINDOWS /D _UNICODE /D UNICODE /Gm /EHsc /RTC1 /MDd /GS /fp:precise /Zc:wchar_t /Zc:forScope /Fo"C:\Users\rooster\Desktop\Symphony Engine\Symphony-Engine\\bin\Debug\Intermediate\\" /Fd"C:\Users\rooster\Desktop\Symphony Engine\Symphony-Engine\\bin\Debug\Intermediate\vc100.pdb" /Gd /TP /analyze- /errorReport:prompt src\main.cpp src\sys.cpp
         sys.cpp
         main.cpp
         Generating Code...
       ManifestResourceCompile:
         All outputs are up-to-date.
       Link:
         C:\Program Files (x86)\Microsoft Visual Studio 10.0\VC\bin\link.exe /ERRORREPORT:PROMPT /OUT:"C:\Users\rooster\Desktop\Symphony Engine\Symphony-Engine\\bin\Debug\Engine.exe" /INCREMENTAL /NOLOGO kernel32.lib user32.lib gdi32.lib winspool.lib comdlg32.lib advapi32.lib shell32.lib ole32.lib oleaut32.lib uuid.lib odbc32.lib odbccp32.lib /MANIFEST /ManifestFile:"C:\Users\rooster\Desktop\Symphony Engine\Symphony-Engine\\bin\Debug\Intermediate\Engine.exe.intermediate.manifest" /MANIFESTUAC:"level='asInvoker' uiAccess='false'" /DEBUG /PDB:"C:\Users\rooster\Desktop\Symphony Engine\Symphony-Engine\bin\Debug\Engine.pdb" /SUBSYSTEM:WINDOWS /TLBID:1 /DYNAMICBASE /NXCOMPAT /IMPLIB:"C:\Users\rooster\Desktop\Symphony Engine\Symphony-Engine\\bin\Debug\Engine.lib" /MACHINE:X86 "C:\Users\rooster\Desktop\Symphony Engine\Symphony-Engine\\bin\Debug\Intermediate\Engine.exe.embed.manifest.res"
         "C:\Users\rooster\Desktop\Symphony Engine\Symphony-Engine\\bin\Debug\Intermediate\D3D11.obj"
         "C:\Users\rooster\Desktop\Symphony Engine\Symphony-Engine\\bin\Debug\Intermediate\inputhandler.obj"
         "C:\Users\rooster\Desktop\Symphony Engine\Symphony-Engine\\bin\Debug\Intermediate\main.obj"
         "C:\Users\rooster\Desktop\Symphony Engine\Symphony-Engine\\bin\Debug\Intermediate\renderer.obj"
         "C:\Users\rooster\Desktop\Symphony Engine\Symphony-Engine\\bin\Debug\Intermediate\scriptinterface.obj"
         "C:\Users\rooster\Desktop\Symphony Engine\Symphony-Engine\\bin\Debug\Intermediate\sys.obj"
       Manifest:
         C:\Program Files (x86)\Microsoft SDKs\Windows\v7.0A\bin\mt.exe /nologo /verbose /out:"C:\Users\rooster\Desktop\Symphony Engine\Symphony-Engine\\bin\Debug\Intermediate\Engine.exe.embed.manifest" /manifest "C:\Users\rooster\Desktop\Symphony Engine\Symphony-Engine\\bin\Debug\Intermediate\Engine.exe.intermediate.manifest"
         All outputs are up-to-date.
       LinkEmbedManifest:
         All outputs are up-to-date.
         Engine.vcxproj -> C:\Users\rooster\Desktop\Symphony Engine\Symphony-Engine\\bin\Debug\Engine.exe
       FinalizeBuildStatus:
         Deleting file "C:\Users\rooster\Desktop\Symphony Engine\Symphony-Engine\\bin\Debug\Intermediate\Engine.unsuccessfulbuild".
         Touching "C:\Users\rooster\Desktop\Symphony Engine\Symphony-Engine\\bin\Debug\Intermediate\Engine.lastbuildstate".
     1>Done Building Project "C:\Users\rooster\Desktop\Symphony Engine\Symphony-Engine\Engine.vcxproj" (build target(s)).

Build succeeded.

Time Elapsed 00:00:01.57
